2025-02-05 00:04:47,469 - INFO - django.utils.autoreload - Watching for file changes with StatReloader
2025-02-05 00:04:47,470 - DEBUG - django.utils.autoreload - Waiting for apps ready_event.
2025-02-05 00:04:47,570 - DEBUG - django.utils.autoreload - Main Django thread has terminated before apps are ready.
2025-02-05 00:04:47,602 - DEBUG - django.utils.autoreload - Apps ready_event triggered. Sending autoreload_started signal.
2025-02-05 00:04:47,651 - DEBUG - django.utils.autoreload - File /usr/lib/python3.10/asyncio/sslproto.py first seen with mtime 1737124534.0
2025-02-05 00:04:47,651 - DEBUG - django.utils.autoreload - File /usr/lib/python3.10/contextlib.py first seen with mtime 1737124534.0
2025-02-05 00:04:47,651 - DEBUG - django.utils.autoreload - File /usr/local/lib/python3.10/dist-packages/django/db/models/sql/__init__.py first seen with mtime 1738033763.2668662
2025-02-05 00:04:47,651 - DEBUG - django.utils.autoreload - File /usr/local/lib/python3.10/dist-packages/django/contrib/admin/helpers.py first seen with mtime 1738033762.3818638
2025-02-05 00:04:47,651 - DEBUG - django.utils.autoreload - File /usr/local/lib/python3.10/dist-packages/django/core/checks/security/__init__.py first seen with mtime 1738033763.212866
2025-02-05 00:04:47,651 - DEBUG - django.utils.autoreload - File /usr/local/lib/python3.10/dist-packages/django/core/cache/backends/base.py first seen with mtime 1738033763.2078662
2025-02-05 00:04:47,651 - DEBUG - django.utils.autoreload - File /usr/lib/python3.10/email/quoprimime.py first seen with mtime 1737124534.0
2025-02-05 00:04:47,651 - DEBUG - django.utils.autoreload - File /usr/lib/python3.10/sysconfig.py first seen with mtime 1737124534.0
2025-02-05 00:04:47,651 - DEBUG - django.utils.autoreload - File /usr/local/lib/python3.10/dist-packages/django/utils/autoreload.py first seen with mtime 1738033763.3118665
2025-02-05 00:04:47,651 - DEBUG - django.utils.autoreload - File /usr/lib/python3.10/lib-dynload/_opcode.cpython-310-x86_64-linux-gnu.so first seen with mtime 1737124534.0
2025-02-05 00:04:47,651 - DEBUG - django.utils.autoreload - File /usr/local/lib/python3.10/dist-packages/django/contrib/messages/storage/base.py first seen with mtime 1738033762.9788654
2025-02-05 00:04:47,651 - DEBUG - django.utils.autoreload - File /usr/local/lib/python3.10/dist-packages/django/db/models/fields/related.py first seen with mtime 1738033763.2638664
2025-02-05 00:04:47,652 - DEBUG - django.utils.autoreload - File /usr/local/lib/python3.10/dist-packages/django/utils/log.py first seen with mtime 1738033763.3178666
2025-02-05 00:04:47,652 - DEBUG - django.utils.autoreload - File /usr/local/lib/python3.10/dist-packages/django/contrib/auth/decorators.py first seen with mtime 1738033762.6388645
2025-02-05 00:04:47,652 - DEBUG - django.utils.autoreload - File /usr/local/lib/python3.10/dist-packages/django/core/files/storage/__init__.py first seen with mtime 1738033763.215866
2025-02-05 00:04:47,652 - DEBUG - django.utils.autoreload - File /usr/local/lib/python3.10/dist-packages/django/core/files/uploadhandler.py first seen with mtime 1738033763.215866
2025-02-05 00:04:47,652 - DEBUG - django.utils.autoreload - File /usr/local/lib/python3.10/dist-packages/django/utils/duration.py first seen with mtime 1738033763.3148665
2025-02-05 00:04:47,652 - DEBUG - django.utils.autoreload - File /usr/local/lib/python3.10/dist-packages/django/core/mail/utils.py first seen with mtime 1738033763.218866
2025-02-05 00:04:47,652 - DEBUG - django.utils.autoreload - File /usr/lib/python3.10/platform.py first seen with mtime 1737124534.0
2025-02-05 00:04:47,652 - DEBUG - django.utils.autoreload - File /usr/local/lib/python3.10/dist-packages/asgiref/__init__.py first seen with mtime 1738033762.0728629
2025-02-05 00:04:47,652 - DEBUG - django.utils.autoreload - File /usr/lib/python3.10/asyncio/queues.py first seen with mtime 1737124534.0
2025-02-05 00:04:47,652 - DEBUG - django.utils.autoreload - File /usr/local/lib/python3.10/dist-packages/django/core/checks/translation.py first seen with mtime 1738033763.2118661
2025-02-05 00:04:47,652 - DEBUG - django.utils.autoreload - File /usr/local/lib/python3.10/dist-packages/django/core/management/commands/runserver.py first seen with mtime 1738033763.2268662
2025-02-05 00:04:47,652 - DEBUG - django.utils.autoreload - File /usr/lib/python3/dist-packages/colorama/__init__.py first seen with mtime 1602564393.0
2025-02-05 00:04:47,652 - DEBUG - django.utils.autoreload - File /usr/local/lib/python3.10/dist-packages/django/db/models/sql/where.py first seen with mtime 1738033763.2698662
2025-02-05 00:04:47,652 - DEBUG - django.utils.autoreload - File /usr/local/lib/python3.10/dist-packages/django/core/files/utils.py first seen with mtime 1738033763.215866
2025-02-05 00:04:47,652 - DEBUG - django.utils.autoreload - File /usr/lib/python3.10/email/generator.py first seen with mtime 1737124534.0
2025-02-05 00:04:47,652 - DEBUG - django.utils.autoreload - File /usr/local/lib/python3.10/dist-packages/django/utils/inspect.py first seen with mtime 1738033763.3168664
2025-02-05 00:04:47,652 - DEBUG - django.utils.autoreload - File /usr/local/lib/python3.10/dist-packages/django/core/files/move.py first seen with mtime 1738033763.2148662
2025-02-05 00:04:47,652 - DEBUG - django.utils.autoreload - File /home/fourandhalf/.local/lib/python3.10/site-packages/dotenv/main.py first seen with mtime 1738420218.1710813
2025-02-05 00:04:47,652 - DEBUG - django.utils.autoreload - File /usr/local/lib/python3.10/dist-packages/django/contrib/admin/views/autocomplete.py first seen with mtime 1738033762.5708642
2025-02-05 00:04:47,652 - DEBUG - django.utils.autoreload - File /home/fourandhalf/Documents/Projects/SongScrapper/SpotifyDownloader/__init__.py first seen with mtime 1738112102.593106
2025-02-05 00:04:47,652 - DEBUG - django.utils.autoreload - File /usr/lib/python3.10/json/__init__.py first seen with mtime 1737124534.0
2025-02-05 00:04:47,652 - DEBUG - django.utils.autoreload - File /usr/local/lib/python3.10/dist-packages/django/core/checks/files.py first seen with mtime 1738033763.2108662
2025-02-05 00:04:47,652 - DEBUG - django.utils.autoreload - File /usr/local/lib/python3.10/dist-packages/django/http/request.py first seen with mtime 1738033763.2948663
2025-02-05 00:04:47,652 - DEBUG - django.utils.autoreload - File /usr/local/lib/python3.10/dist-packages/django/contrib/messages/storage/__init__.py first seen with mtime 1738033762.9778655
2025-02-05 00:04:47,652 - DEBUG - django.utils.autoreload - File /usr/lib/python3.10/email/errors.py first seen with mtime 1737124534.0
2025-02-05 00:04:47,652 - DEBUG - django.utils.autoreload - File /usr/local/lib/python3.10/dist-packages/django/db/models/functions/text.py first seen with mtime 1738033763.2668662
2025-02-05 00:04:47,652 - DEBUG - django.utils.autoreload - File /usr/local/lib/python3.10/dist-packages/django/template/loaders/filesystem.py first seen with mtime 1738033763.3038664
2025-02-05 00:04:47,652 - DEBUG - django.utils.autoreload - File /usr/lib/python3.10/email/headerregistry.py first seen with mtime 1737124534.0
2025-02-05 00:04:47,653 - DEBUG - django.utils.autoreload - File /usr/lib/python3.10/asyncio/tasks.py first seen with mtime 1737124534.0
2025-02-05 00:04:47,653 - DEBUG - django.utils.autoreload - File /usr/local/lib/python3.10/dist-packages/django/core/serializers/python.py first seen with mtime 1738033763.2308662
2025-02-05 00:04:47,653 - DEBUG - django.utils.autoreload - File /usr/local/lib/python3.10/dist-packages/django/template/response.py first seen with mtime 1738033763.3008664
2025-02-05 00:04:47,653 - DEBUG - django.utils.autoreload - File /usr/local/lib/python3.10/dist-packages/django/template/defaulttags.py first seen with mtime 1738033763.2988665
2025-02-05 00:04:47,653 - DEBUG - django.utils.autoreload - File /usr/local/lib/python3.10/dist-packages/django/contrib/admin/filters.py first seen with mtime 1738033762.3818638
2025-02-05 00:04:47,653 - DEBUG - django.utils.autoreload - File /usr/local/lib/python3.10/dist-packages/django/template/backends/django.py first seen with mtime 1738033763.3018665
2025-02-05 00:04:47,653 - DEBUG - django.utils.autoreload - File /usr/lib/python3.10/logging/config.py first seen with mtime 1737124534.0
2025-02-05 00:04:47,653 - DEBUG - django.utils.autoreload - File /usr/local/lib/python3.10/dist-packages/django/template/smartif.py first seen with mtime 1738033763.3008664
2025-02-05 00:04:47,653 - DEBUG - django.utils.autoreload - File /usr/local/lib/python3.10/dist-packages/django/core/wsgi.py first seen with mtime 1738033763.206866
2025-02-05 00:04:47,653 - DEBUG - django.utils.autoreload - File /usr/lib/python3.10/shutil.py first seen with mtime 1737124534.0
2025-02-05 00:04:47,653 - DEBUG - django.utils.autoreload - File /usr/local/lib/python3.10/dist-packages/sqlparse/filters/aligned_indent.py first seen with mtime 1738033761.5808613
2025-02-05 00:04:47,653 - DEBUG - django.utils.autoreload - File /usr/lib/python3.10/reprlib.py first seen with mtime 1737124534.0
2025-02-05 00:04:47,653 - DEBUG - django.utils.autoreload - File /usr/local/lib/python3.10/dist-packages/django/db/backends/__init__.py first seen with mtime 1738033763.2328663
2025-02-05 00:04:47,653 - DEBUG - django.utils.autoreload - File /usr/lib/python3.10/keyword.py first seen with mtime 1737124534.0
2025-02-05 00:04:47,653 - DEBUG - django.utils.autoreload - File /usr/local/lib/python3.10/dist-packages/django/utils/version.py first seen with mtime 1738033763.3208666
2025-02-05 00:04:47,653 - DEBUG - django.utils.autoreload - File /usr/lib/python3.10/locale.py first seen with mtime 1737124534.0
2025-02-05 00:04:47,653 - DEBUG - django.utils.autoreload - File /usr/lib/python3.10/asyncio/protocols.py first seen with mtime 1737124534.0
2025-02-05 00:04:47,653 - DEBUG - django.utils.autoreload - File /usr/local/lib/python3.10/dist-packages/django/shortcuts.py first seen with mtime 1738033762.2438633
2025-02-05 00:04:47,653 - DEBUG - django.utils.autoreload - File /usr/local/lib/python3.10/dist-packages/django/contrib/admin/templatetags/admin_urls.py first seen with mtime 1738033762.5698643
2025-02-05 00:04:47,653 - DEBUG - django.utils.autoreload - File /usr/local/lib/python3.10/dist-packages/django/utils/timesince.py first seen with mtime 1738033763.3198664
2025-02-05 00:04:47,653 - DEBUG - django.utils.autoreload - File /usr/lib/python3.10/dataclasses.py first seen with mtime 1737124534.0
2025-02-05 00:04:47,653 - DEBUG - django.utils.autoreload - File /usr/local/lib/python3.10/dist-packages/django/contrib/admin/widgets.py first seen with mtime 1738033762.3848636
2025-02-05 00:04:47,653 - DEBUG - django.utils.autoreload - File /usr/local/lib/python3.10/dist-packages/django/apps/__init__.py first seen with mtime 1738033762.2438633
2025-02-05 00:04:47,653 - DEBUG - django.utils.autoreload - File /usr/local/lib/python3.10/dist-packages/django/core/signing.py first seen with mtime 1738033763.206866
2025-02-05 00:04:47,653 - DEBUG - django.utils.autoreload - File /usr/local/lib/python3.10/dist-packages/django/db/models/utils.py first seen with mtime 1738033763.2608664
2025-02-05 00:04:47,653 - DEBUG - django.utils.autoreload - File /usr/local/lib/python3.10/dist-packages/django/template/loaders/base.py first seen with mtime 1738033763.3038664
2025-02-05 00:04:47,653 - DEBUG - django.utils.autoreload - File /usr/local/lib/python3.10/dist-packages/django/utils/_os.py first seen with mtime 1738033763.3108664
2025-02-05 00:04:47,653 - DEBUG - django.utils.autoreload - File /usr/local/lib/python3.10/dist-packages/django/db/models/fields/related_lookups.py first seen with mtime 1738033763.2648664
2025-02-05 00:04:47,654 - DEBUG - django.utils.autoreload - File /usr/local/lib/python3.10/dist-packages/django/db/models/fields/related_descriptors.py first seen with mtime 1738033763.2648664
2025-02-05 00:04:47,654 - DEBUG - django.utils.autoreload - File /etc/python3.10/sitecustomize.py first seen with mtime 1648890259.0
2025-02-05 00:04:47,654 - DEBUG - django.utils.autoreload - File /usr/lib/python3.10/asyncio/transports.py first seen with mtime 1737124534.0
2025-02-05 00:04:47,654 - DEBUG - django.utils.autoreload - File /usr/local/lib/python3.10/dist-packages/django/views/generic/base.py first seen with mtime 1738033763.3268664
2025-02-05 00:04:47,654 - DEBUG - django.utils.autoreload - File /usr/local/lib/python3.10/dist-packages/django/db/models/sql/query.py first seen with mtime 1738033763.2688663
2025-02-05 00:04:47,654 - DEBUG - django.utils.autoreload - File /usr/local/lib/python3.10/dist-packages/django/utils/text.py first seen with mtime 1738033763.3198664
2025-02-05 00:04:47,654 - DEBUG - django.utils.autoreload - File /usr/local/lib/python3.10/dist-packages/sqlparse/lexer.py first seen with mtime 1738033761.5778613
2025-02-05 00:04:47,654 - DEBUG - django.utils.autoreload - File /usr/lib/python3.10/asyncio/subprocess.py first seen with mtime 1737124534.0
2025-02-05 00:04:47,654 - DEBUG - django.utils.autoreload - File /usr/lib/python3.10/signal.py first seen with mtime 1737124534.0
2025-02-05 00:04:47,654 - DEBUG - django.utils.autoreload - File /usr/local/lib/python3.10/dist-packages/django/utils/cache.py first seen with mtime 1738033763.3118665
2025-02-05 00:04:47,654 - DEBUG - django.utils.autoreload - File /usr/local/lib/python3.10/dist-packages/asgiref/current_thread_executor.py first seen with mtime 1738033762.0728629
2025-02-05 00:04:47,654 - DEBUG - django.utils.autoreload - File /usr/local/lib/python3.10/dist-packages/django/db/models/constraints.py first seen with mtime 1738033763.2558663
2025-02-05 00:04:47,654 - DEBUG - django.utils.autoreload - File /usr/lib/python3/dist-packages/colorama/initialise.py first seen with mtime 1602564393.0
2025-02-05 00:04:47,654 - DEBUG - django.utils.autoreload - File /usr/lib/python3.10/asyncio/base_futures.py first seen with mtime 1737124534.0
2025-02-05 00:04:47,654 - DEBUG - django.utils.autoreload - File /usr/lib/python3.10/importlib/machinery.py first seen with mtime 1737124534.0
2025-02-05 00:04:47,654 - DEBUG - django.utils.autoreload - File /usr/local/lib/python3.10/dist-packages/django/core/checks/__init__.py first seen with mtime 1738033763.209866
2025-02-05 00:04:47,654 - DEBUG - django.utils.autoreload - File /usr/local/lib/python3.10/dist-packages/sqlparse/engine/statement_splitter.py first seen with mtime 1738033761.5798614
2025-02-05 00:04:47,654 - DEBUG - django.utils.autoreload - File /usr/local/lib/python3.10/dist-packages/django/db/models/functions/window.py first seen with mtime 1738033763.2668662
2025-02-05 00:04:47,654 - DEBUG - django.utils.autoreload - File /usr/lib/python3.10/wsgiref/__init__.py first seen with mtime 1737124534.0
2025-02-05 00:04:47,654 - DEBUG - django.utils.autoreload - File /usr/local/lib/python3.10/dist-packages/django/core/cache/utils.py first seen with mtime 1738033763.2078662
2025-02-05 00:04:47,654 - DEBUG - django.utils.autoreload - File /usr/lib/python3.10/lib-dynload/_decimal.cpython-310-x86_64-linux-gnu.so first seen with mtime 1737124534.0
2025-02-05 00:04:47,654 - DEBUG - django.utils.autoreload - File /usr/local/lib/python3.10/dist-packages/django/dispatch/dispatcher.py first seen with mtime 1738033763.2708664
2025-02-05 00:04:47,654 - DEBUG - django.utils.autoreload - File /usr/local/lib/python3.10/dist-packages/django/contrib/admin/options.py first seen with mtime 1738033762.3828638
2025-02-05 00:04:47,654 - DEBUG - django.utils.autoreload - File /usr/local/lib/python3.10/dist-packages/sqlparse/filters/right_margin.py first seen with mtime 1738033761.5818615
2025-02-05 00:04:47,654 - DEBUG - django.utils.autoreload - File /usr/local/lib/python3.10/dist-packages/django/template/loaders/cached.py first seen with mtime 1738033763.3038664
2025-02-05 00:04:47,654 - DEBUG - django.utils.autoreload - File /usr/local/lib/python3.10/dist-packages/django/utils/safestring.py first seen with mtime 1738033763.3188665
2025-02-05 00:04:47,654 - DEBUG - django.utils.autoreload - File /usr/local/lib/python3.10/dist-packages/django/template/loader.py first seen with mtime 1738033763.3008664
2025-02-05 00:04:47,654 - DEBUG - django.utils.autoreload - File /usr/lib/python3.10/email/mime/nonmultipart.py first seen with mtime 1737124534.0
2025-02-05 00:04:47,654 - DEBUG - django.utils.autoreload - File /usr/local/lib/python3.10/dist-packages/django/core/files/uploadedfile.py first seen with mtime 1738033763.2148662
2025-02-05 00:04:47,654 - DEBUG - django.utils.autoreload - File /usr/local/lib/python3.10/dist-packages/django/views/decorators/debug.py first seen with mtime 1738033763.3258665
2025-02-05 00:04:47,655 - DEBUG - django.utils.autoreload - File /usr/lib/python3.10/weakref.py first seen with mtime 1737124534.0
2025-02-05 00:04:47,655 - DEBUG - django.utils.autoreload - File /usr/lib/python3.10/asyncio/exceptions.py first seen with mtime 1737124534.0
2025-02-05 00:04:47,655 - DEBUG - django.utils.autoreload - File /usr/local/lib/python3.10/dist-packages/django/db/models/query_utils.py first seen with mtime 1738033763.2598662
2025-02-05 00:04:47,655 - DEBUG - django.utils.autoreload - File /usr/lib/python3.10/logging/handlers.py first seen with mtime 1737124534.0
2025-02-05 00:04:47,655 - DEBUG - django.utils.autoreload - File /usr/lib/python3.10/heapq.py first seen with mtime 1737124534.0
2025-02-05 00:04:47,655 - DEBUG - django.utils.autoreload - File /usr/lib/python3.10/lib-dynload/_ctypes.cpython-310-x86_64-linux-gnu.so first seen with mtime 1737124534.0
2025-02-05 00:04:47,655 - DEBUG - django.utils.autoreload - File /usr/local/lib/python3.10/dist-packages/django/core/cache/backends/filebased.py first seen with mtime 1738033763.2088661
2025-02-05 00:04:47,655 - DEBUG - django.utils.autoreload - File /usr/local/lib/python3.10/dist-packages/django/middleware/__init__.py first seen with mtime 1738033763.2948663
2025-02-05 00:04:47,655 - DEBUG - django.utils.autoreload - File /usr/local/lib/python3.10/dist-packages/django/contrib/__init__.py first seen with mtime 1738033762.3798637
2025-02-05 00:04:47,655 - DEBUG - django.utils.autoreload - File /usr/lib/python3.10/inspect.py first seen with mtime 1737124534.0
2025-02-05 00:04:47,655 - DEBUG - django.utils.autoreload - File /usr/local/lib/python3.10/dist-packages/django/views/generic/list.py first seen with mtime 1738033763.3278666
2025-02-05 00:04:47,655 - DEBUG - django.utils.autoreload - File /usr/local/lib/python3.10/dist-packages/sqlparse/exceptions.py first seen with mtime 1738033761.5768614
2025-02-05 00:04:47,655 - DEBUG - django.utils.autoreload - File /usr/lib/python3.10/fnmatch.py first seen with mtime 1737124534.0
2025-02-05 00:04:47,655 - DEBUG - django.utils.autoreload - File /home/fourandhalf/.local/lib/python3.10/site-packages/typing_extensions.py first seen with mtime 1738111609.9833765
2025-02-05 00:04:47,655 - DEBUG - django.utils.autoreload - File /usr/local/lib/python3.10/dist-packages/django/db/models/constants.py first seen with mtime 1738033763.2558663
2025-02-05 00:04:47,655 - DEBUG - django.utils.autoreload - File /usr/lib/python3.10/http/client.py first seen with mtime 1737124534.0
2025-02-05 00:04:47,655 - DEBUG - django.utils.autoreload - File /usr/local/lib/python3.10/dist-packages/sqlparse/formatter.py first seen with mtime 1738033761.5778613
2025-02-05 00:04:47,655 - DEBUG - django.utils.autoreload - File /usr/lib/python3.10/pathlib.py first seen with mtime 1737124534.0
2025-02-05 00:04:47,655 - DEBUG - django.utils.autoreload - File /usr/local/lib/python3.10/dist-packages/django/forms/models.py first seen with mtime 1738033763.2728662
2025-02-05 00:04:47,655 - DEBUG - django.utils.autoreload - File /home/fourandhalf/.local/lib/python3.10/site-packages/dotenv/variables.py first seen with mtime 1738420218.1720812
2025-02-05 00:04:47,655 - DEBUG - django.utils.autoreload - File /usr/local/lib/python3.10/dist-packages/django/db/models/sql/datastructures.py first seen with mtime 1738033763.2678664
2025-02-05 00:04:47,655 - DEBUG - django.utils.autoreload - File /usr/lib/python3.10/concurrent/futures/thread.py first seen with mtime 1737124534.0
2025-02-05 00:04:47,655 - DEBUG - django.utils.autoreload - File /usr/lib/python3.10/asyncio/staggered.py first seen with mtime 1737124534.0
2025-02-05 00:04:47,655 - DEBUG - django.utils.autoreload - File /usr/lib/python3.10/html/entities.py first seen with mtime 1737124534.0
2025-02-05 00:04:47,655 - DEBUG - django.utils.autoreload - File /usr/local/lib/python3.10/dist-packages/django/utils/datastructures.py first seen with mtime 1738033763.3128664
2025-02-05 00:04:47,655 - DEBUG - django.utils.autoreload - File /usr/lib/python3.10/asyncio/constants.py first seen with mtime 1737124534.0
2025-02-05 00:04:47,655 - DEBUG - django.utils.autoreload - File /usr/local/lib/python3.10/dist-packages/django/contrib/auth/__init__.py first seen with mtime 1738033762.6358645
2025-02-05 00:04:47,655 - DEBUG - django.utils.autoreload - File /usr/local/lib/python3.10/dist-packages/asgiref/sync.py first seen with mtime 1738033762.0738628
2025-02-05 00:04:47,655 - DEBUG - django.utils.autoreload - File /usr/local/lib/python3.10/dist-packages/django/core/servers/basehttp.py first seen with mtime 1738033763.2318661
2025-02-05 00:04:47,656 - DEBUG - django.utils.autoreload - File /usr/lib/python3.10/mimetypes.py first seen with mtime 1737124534.0
2025-02-05 00:04:47,656 - DEBUG - django.utils.autoreload - File /usr/lib/python3.10/pkgutil.py first seen with mtime 1737124534.0
2025-02-05 00:04:47,656 - DEBUG - django.utils.autoreload - File /usr/local/lib/python3.10/dist-packages/django/core/checks/templates.py first seen with mtime 1738033763.2118661
2025-02-05 00:04:47,656 - DEBUG - django.utils.autoreload - File /usr/lib/python3.10/importlib/__init__.py first seen with mtime 1737124534.0
2025-02-05 00:04:47,656 - DEBUG - django.utils.autoreload - File /usr/lib/python3.10/asyncio/runners.py first seen with mtime 1737124534.0
2025-02-05 00:04:47,656 - DEBUG - django.utils.autoreload - File /usr/lib/python3/dist-packages/colorama/winterm.py first seen with mtime 1602564393.0
2025-02-05 00:04:47,656 - DEBUG - django.utils.autoreload - File /usr/local/lib/python3.10/dist-packages/django/db/models/__init__.py first seen with mtime 1738033763.2548664
2025-02-05 00:04:47,656 - DEBUG - django.utils.autoreload - File /usr/local/lib/python3.10/dist-packages/sqlparse/filters/__init__.py first seen with mtime 1738033761.5808613
2025-02-05 00:04:47,656 - DEBUG - django.utils.autoreload - File /usr/lib/python3.10/email/mime/base.py first seen with mtime 1737124534.0
2025-02-05 00:04:47,656 - DEBUG - django.utils.autoreload - File /usr/local/lib/python3.10/dist-packages/django/db/models/functions/math.py first seen with mtime 1738033763.2658663
2025-02-05 00:04:47,656 - DEBUG - django.utils.autoreload - File /usr/local/lib/python3.10/dist-packages/django/utils/functional.py first seen with mtime 1738033763.3158665
2025-02-05 00:04:47,656 - DEBUG - django.utils.autoreload - File /usr/lib/python3.10/asyncio/format_helpers.py first seen with mtime 1737124534.0
2025-02-05 00:04:47,656 - DEBUG - django.utils.autoreload - File /usr/lib/python3.10/_compression.py first seen with mtime 1737124534.0
2025-02-05 00:04:47,656 - DEBUG - django.utils.autoreload - File /usr/local/lib/python3.10/dist-packages/django/core/validators.py first seen with mtime 1738033763.206866
2025-02-05 00:04:47,656 - DEBUG - django.utils.autoreload - File /usr/local/lib/python3.10/dist-packages/django/contrib/messages/constants.py first seen with mtime 1738033762.9768655
2025-02-05 00:04:47,656 - DEBUG - django.utils.autoreload - File /usr/local/lib/python3.10/dist-packages/django/templatetags/i18n.py first seen with mtime 1738033763.3048663
2025-02-05 00:04:47,656 - DEBUG - django.utils.autoreload - File /usr/lib/python3.10/asyncio/__init__.py first seen with mtime 1737124534.0
2025-02-05 00:04:47,656 - DEBUG - django.utils.autoreload - File /usr/local/lib/python3.10/dist-packages/django/template/exceptions.py first seen with mtime 1738033763.2998664
2025-02-05 00:04:47,656 - DEBUG - django.utils.autoreload - File /usr/lib/python3.10/sre_parse.py first seen with mtime 1737124534.0
2025-02-05 00:04:47,656 - DEBUG - django.utils.autoreload - File /usr/lib/python3.10/calendar.py first seen with mtime 1737124534.0
2025-02-05 00:04:47,656 - DEBUG - django.utils.autoreload - File /usr/lib/python3.10/email/iterators.py first seen with mtime 1737124534.0
2025-02-05 00:04:47,656 - DEBUG - django.utils.autoreload - File /usr/local/lib/python3.10/dist-packages/django/core/cache/__init__.py first seen with mtime 1738033763.2078662
2025-02-05 00:04:47,656 - DEBUG - django.utils.autoreload - File /usr/local/lib/python3.10/dist-packages/django/db/backends/utils.py first seen with mtime 1738033763.2338662
2025-02-05 00:04:47,656 - DEBUG - django.utils.autoreload - File /usr/local/lib/python3.10/dist-packages/django/template/loader_tags.py first seen with mtime 1738033763.3008664
2025-02-05 00:04:47,656 - DEBUG - django.utils.autoreload - File /usr/local/lib/python3.10/dist-packages/django/core/checks/caches.py first seen with mtime 1738033763.2108662
2025-02-05 00:04:47,656 - DEBUG - django.utils.autoreload - File /usr/local/lib/python3.10/dist-packages/sqlparse/tokens.py first seen with mtime 1738033761.5788615
2025-02-05 00:04:47,656 - DEBUG - django.utils.autoreload - File /usr/local/lib/python3.10/dist-packages/django/urls/exceptions.py first seen with mtime 1738033763.3098664
2025-02-05 00:04:47,656 - DEBUG - django.utils.autoreload - File /usr/lib/python3.10/asyncio/streams.py first seen with mtime 1737124534.0
2025-02-05 00:04:47,656 - DEBUG - django.utils.autoreload - File /usr/lib/python3.10/urllib/parse.py first seen with mtime 1737124534.0
2025-02-05 00:04:47,657 - DEBUG - django.utils.autoreload - File /usr/lib/python3/dist-packages/colorama/win32.py first seen with mtime 1602564393.0
2025-02-05 00:04:47,657 - DEBUG - django.utils.autoreload - File /usr/local/lib/python3.10/dist-packages/django/contrib/messages/__init__.py first seen with mtime 1738033762.9768655
2025-02-05 00:04:47,657 - DEBUG - django.utils.autoreload - File /usr/lib/python3.10/asyncio/futures.py first seen with mtime 1737124534.0
2025-02-05 00:04:47,657 - DEBUG - django.utils.autoreload - File /usr/lib/python3.10/site.py first seen with mtime 1737124534.0
2025-02-05 00:04:47,657 - DEBUG - django.utils.autoreload - File /usr/local/lib/python3.10/dist-packages/django/dispatch/__init__.py first seen with mtime 1738033763.2698662
2025-02-05 00:04:47,657 - DEBUG - django.utils.autoreload - File /usr/local/lib/python3.10/dist-packages/django/template/base.py first seen with mtime 1738033763.2978663
2025-02-05 00:04:47,657 - DEBUG - django.utils.autoreload - File /usr/lib/python3.10/numbers.py first seen with mtime 1737124534.0
2025-02-05 00:04:47,657 - DEBUG - django.utils.autoreload - File /usr/local/lib/python3.10/dist-packages/django/core/handlers/exception.py first seen with mtime 1738033763.2178662
2025-02-05 00:04:47,657 - DEBUG - django.utils.autoreload - File /usr/local/lib/python3.10/dist-packages/django/utils/decorators.py first seen with mtime 1738033763.3138664
2025-02-05 00:04:47,657 - DEBUG - django.utils.autoreload - File /usr/local/lib/python3.10/dist-packages/django/forms/renderers.py first seen with mtime 1738033763.2738664
2025-02-05 00:04:47,657 - DEBUG - django.utils.autoreload - File /usr/lib/python3.10/_compat_pickle.py first seen with mtime 1737124534.0
2025-02-05 00:04:47,657 - DEBUG - django.utils.autoreload - File /usr/local/lib/python3.10/dist-packages/django/urls/base.py first seen with mtime 1738033763.3088665
2025-02-05 00:04:47,657 - DEBUG - django.utils.autoreload - File /usr/local/lib/python3.10/dist-packages/sqlparse/engine/filter_stack.py first seen with mtime 1738033761.5798614
2025-02-05 00:04:47,657 - DEBUG - django.utils.autoreload - File /usr/local/lib/python3.10/dist-packages/django/views/decorators/csrf.py first seen with mtime 1738033763.3248665
2025-02-05 00:04:47,657 - DEBUG - django.utils.autoreload - File /usr/local/lib/python3.10/dist-packages/django/utils/html.py first seen with mtime 1738033763.3168664
2025-02-05 00:04:47,657 - DEBUG - django.utils.autoreload - File /usr/local/lib/python3.10/dist-packages/django/utils/choices.py first seen with mtime 1738033763.3128664
2025-02-05 00:04:47,657 - DEBUG - django.utils.autoreload - File /usr/local/lib/python3.10/dist-packages/django/contrib/admin/decorators.py first seen with mtime 1738033762.3808637
2025-02-05 00:04:47,657 - DEBUG - django.utils.autoreload - File /usr/local/lib/python3.10/dist-packages/django/core/files/base.py first seen with mtime 1738033763.2138662
2025-02-05 00:04:47,657 - DEBUG - django.utils.autoreload - File /usr/lib/python3.10/email/feedparser.py first seen with mtime 1737124534.0
2025-02-05 00:04:47,657 - DEBUG - django.utils.autoreload - File /usr/lib/python3.10/struct.py first seen with mtime 1737124534.0
2025-02-05 00:04:47,657 - DEBUG - django.utils.autoreload - File /usr/lib/python3.10/opcode.py first seen with mtime 1737124534.0
2025-02-05 00:04:47,657 - DEBUG - django.utils.autoreload - File /usr/local/lib/python3.10/dist-packages/django/core/checks/messages.py first seen with mtime 1738033763.2108662
2025-02-05 00:04:47,657 - DEBUG - django.utils.autoreload - File /usr/lib/python3.10/wsgiref/simple_server.py first seen with mtime 1737124534.0
2025-02-05 00:04:47,657 - DEBUG - django.utils.autoreload - File /usr/lib/python3.10/email/_policybase.py first seen with mtime 1737124534.0
2025-02-05 00:04:47,657 - DEBUG - django.utils.autoreload - File /usr/local/lib/python3.10/dist-packages/django/http/multipartparser.py first seen with mtime 1738033763.2938664
2025-02-05 00:04:47,657 - DEBUG - django.utils.autoreload - File /usr/lib/python3.10/selectors.py first seen with mtime 1737124534.0
2025-02-05 00:04:47,657 - DEBUG - django.utils.autoreload - File /usr/lib/python3.10/lib-dynload/_hashlib.cpython-310-x86_64-linux-gnu.so first seen with mtime 1737124534.0
2025-02-05 00:04:47,657 - DEBUG - django.utils.autoreload - File /usr/local/lib/python3.10/dist-packages/django/forms/utils.py first seen with mtime 1738033763.2738664
2025-02-05 00:04:47,657 - DEBUG - django.utils.autoreload - File /usr/local/lib/python3.10/dist-packages/django/core/cache/backends/__init__.py first seen with mtime 1738033763.2078662
2025-02-05 00:04:47,657 - DEBUG - django.utils.autoreload - File /usr/lib/python3.10/gzip.py first seen with mtime 1737124534.0
2025-02-05 00:04:47,658 - DEBUG - django.utils.autoreload - File /usr/local/lib/python3.10/dist-packages/django/template/__init__.py first seen with mtime 1738033763.2968664
2025-02-05 00:04:47,658 - DEBUG - django.utils.autoreload - File /usr/lib/python3.10/lib-dynload/_lzma.cpython-310-x86_64-linux-gnu.so first seen with mtime 1737124534.0
2025-02-05 00:04:47,658 - DEBUG - django.utils.autoreload - File /usr/local/lib/python3.10/dist-packages/django/template/engine.py first seen with mtime 1738033763.2998664
2025-02-05 00:04:47,658 - DEBUG - django.utils.autoreload - File /usr/local/lib/python3.10/dist-packages/django/views/i18n.py first seen with mtime 1738033763.3238664
2025-02-05 00:04:47,658 - DEBUG - django.utils.autoreload - File /usr/lib/python3.10/asyncio/locks.py first seen with mtime 1737124534.0
2025-02-05 00:04:47,658 - DEBUG - django.utils.autoreload - File /usr/local/lib/python3.10/dist-packages/django/forms/formsets.py first seen with mtime 1738033763.2728662
2025-02-05 00:04:47,658 - DEBUG - django.utils.autoreload - File /usr/lib/python3.10/ctypes/_endian.py first seen with mtime 1737124534.0
2025-02-05 00:04:47,658 - DEBUG - django.utils.autoreload - File /usr/local/lib/python3.10/dist-packages/django/template/backends/base.py first seen with mtime 1738033763.3018665
2025-02-05 00:04:47,658 - DEBUG - django.utils.autoreload - File /usr/lib/python3.10/wsgiref/util.py first seen with mtime 1737124534.0
2025-02-05 00:04:47,658 - DEBUG - django.utils.autoreload - File /usr/local/lib/python3.10/dist-packages/django/core/checks/async_checks.py first seen with mtime 1738033763.209866
2025-02-05 00:04:47,658 - DEBUG - django.utils.autoreload - File /usr/lib/python3.10/asyncio/events.py first seen with mtime 1737124534.0
2025-02-05 00:04:47,658 - DEBUG - django.utils.autoreload - File /usr/local/lib/python3.10/dist-packages/django/core/checks/compatibility/django_4_0.py first seen with mtime 1738033763.212866
2025-02-05 00:04:47,658 - DEBUG - django.utils.autoreload - File /usr/lib/python3.10/encodings/utf_8.py first seen with mtime 1737124534.0
2025-02-05 00:04:47,658 - DEBUG - django.utils.autoreload - File /usr/lib/python3.10/concurrent/__init__.py first seen with mtime 1737124534.0
2025-02-05 00:04:47,658 - DEBUG - django.utils.autoreload - File /usr/local/lib/python3.10/dist-packages/django/db/models/query.py first seen with mtime 1738033763.2598662
2025-02-05 00:04:47,658 - DEBUG - django.utils.autoreload - File /usr/local/lib/python3.10/dist-packages/django/core/handlers/wsgi.py first seen with mtime 1738033763.218866
2025-02-05 00:04:47,658 - DEBUG - django.utils.autoreload - File /usr/local/lib/python3.10/dist-packages/django/utils/ipv6.py first seen with mtime 1738033763.3168664
2025-02-05 00:04:47,658 - DEBUG - django.utils.autoreload - File /usr/local/lib/python3.10/dist-packages/django/core/servers/__init__.py first seen with mtime 1738033763.2318661
2025-02-05 00:04:47,658 - DEBUG - django.utils.autoreload - File /usr/lib/python3.10/bz2.py first seen with mtime 1737124534.0
2025-02-05 00:04:47,658 - DEBUG - django.utils.autoreload - File /usr/local/lib/python3.10/dist-packages/django/template/context.py first seen with mtime 1738033763.2978663
2025-02-05 00:04:47,658 - DEBUG - django.utils.autoreload - File /usr/lib/python3.10/http/__init__.py first seen with mtime 1737124534.0
2025-02-05 00:04:47,658 - DEBUG - django.utils.autoreload - File /usr/local/lib/python3.10/dist-packages/django/core/checks/security/csrf.py first seen with mtime 1738033763.212866
2025-02-05 00:04:47,658 - DEBUG - django.utils.autoreload - File /usr/lib/python3.10/hmac.py first seen with mtime 1737124534.0
2025-02-05 00:04:47,658 - DEBUG - django.utils.autoreload - File /usr/local/lib/python3.10/dist-packages/django/views/decorators/cache.py first seen with mtime 1738033763.3248665
2025-02-05 00:04:47,658 - DEBUG - django.utils.autoreload - File /usr/local/lib/python3.10/dist-packages/django/utils/hashable.py first seen with mtime 1738033763.3158665
2025-02-05 00:04:47,658 - DEBUG - django.utils.autoreload - File /home/fourandhalf/Documents/Projects/SongScrapper/SpotifyDownloader/settings.py first seen with mtime 1738516493.8352563
2025-02-05 00:04:47,658 - DEBUG - django.utils.autoreload - File /usr/local/lib/python3.10/dist-packages/django/core/checks/compatibility/__init__.py first seen with mtime 1738033763.2118661
2025-02-05 00:04:47,658 - DEBUG - django.utils.autoreload - File /usr/lib/python3.10/token.py first seen with mtime 1737124534.0
2025-02-05 00:04:47,658 - DEBUG - django.utils.autoreload - File /usr/lib/python3.10/asyncio/unix_events.py first seen with mtime 1737124534.0
2025-02-05 00:04:47,659 - DEBUG - django.utils.autoreload - File /usr/local/lib/python3.10/dist-packages/sqlparse/filters/others.py first seen with mtime 1738033761.5808613
2025-02-05 00:04:47,659 - DEBUG - django.utils.autoreload - File /usr/lib/python3.10/email/message.py first seen with mtime 1737124534.0
2025-02-05 00:04:47,659 - DEBUG - django.utils.autoreload - File /usr/lib/python3.10/email/mime/multipart.py first seen with mtime 1737124534.0
2025-02-05 00:04:47,659 - DEBUG - django.utils.autoreload - File /usr/local/lib/python3.10/dist-packages/django/contrib/admin/templatetags/__init__.py first seen with mtime 1738033762.5698643
2025-02-05 00:04:47,659 - DEBUG - django.utils.autoreload - File /usr/local/lib/python3.10/dist-packages/django/contrib/auth/signals.py first seen with mtime 1738033762.6408644
2025-02-05 00:04:47,659 - DEBUG - django.utils.autoreload - File /usr/local/lib/python3.10/dist-packages/django/views/generic/edit.py first seen with mtime 1738033763.3278666
2025-02-05 00:04:47,659 - DEBUG - django.utils.autoreload - File /usr/local/lib/python3.10/dist-packages/asgiref/local.py first seen with mtime 1738033762.0728629
2025-02-05 00:04:47,659 - DEBUG - django.utils.autoreload - File /usr/lib/python3.10/ipaddress.py first seen with mtime 1737124534.0
2025-02-05 00:04:47,659 - DEBUG - django.utils.autoreload - File /usr/lib/python3.10/zoneinfo/_tzpath.py first seen with mtime 1737124534.0
2025-02-05 00:04:47,659 - DEBUG - django.utils.autoreload - File /usr/lib/python3.10/linecache.py first seen with mtime 1737124534.0
2025-02-05 00:04:47,659 - DEBUG - django.utils.autoreload - File /usr/local/lib/python3.10/dist-packages/django/urls/conf.py first seen with mtime 1738033763.3098664
2025-02-05 00:04:47,659 - DEBUG - django.utils.autoreload - File /usr/local/lib/python3.10/dist-packages/django/template/backends/__init__.py first seen with mtime 1738033763.3018665
2025-02-05 00:04:47,659 - DEBUG - django.utils.autoreload - File /usr/local/lib/python3.10/dist-packages/django/core/management/color.py first seen with mtime 1738033763.2218661
2025-02-05 00:04:47,659 - DEBUG - django.utils.autoreload - File /usr/local/lib/python3.10/dist-packages/django/urls/converters.py first seen with mtime 1738033763.3098664
2025-02-05 00:04:47,659 - DEBUG - django.utils.autoreload - File /usr/local/lib/python3.10/dist-packages/django/db/models/manager.py first seen with mtime 1738033763.2588663
2025-02-05 00:04:47,659 - DEBUG - django.utils.autoreload - File /usr/lib/python3.10/hashlib.py first seen with mtime 1737124534.0
2025-02-05 00:04:47,659 - DEBUG - django.utils.autoreload - File /usr/local/lib/python3.10/dist-packages/django/db/models/signals.py first seen with mtime 1738033763.2608664
2025-02-05 00:04:47,659 - DEBUG - django.utils.autoreload - File /usr/lib/python3.10/asyncio/base_events.py first seen with mtime 1737124534.0
2025-02-05 00:04:47,659 - DEBUG - django.utils.autoreload - File /usr/local/lib/python3.10/dist-packages/django/utils/regex_helper.py first seen with mtime 1738033763.3188665
2025-02-05 00:04:47,659 - DEBUG - django.utils.autoreload - File /usr/lib/python3.10/sre_constants.py first seen with mtime 1737124534.0
2025-02-05 00:04:47,659 - DEBUG - django.utils.autoreload - File /usr/lib/python3.10/difflib.py first seen with mtime 1737124534.0
2025-02-05 00:04:47,659 - DEBUG - django.utils.autoreload - File /usr/local/lib/python3.10/dist-packages/django/db/models/fields/reverse_related.py first seen with mtime 1738033763.2648664
2025-02-05 00:04:47,659 - DEBUG - django.utils.autoreload - File /usr/lib/python3.10/email/_parseaddr.py first seen with mtime 1737124534.0
2025-02-05 00:04:47,659 - DEBUG - django.utils.autoreload - File /usr/lib/python3.10/ctypes/__init__.py first seen with mtime 1737124534.0
2025-02-05 00:04:47,659 - DEBUG - django.utils.autoreload - File /usr/lib/python3.10/stat.py first seen with mtime 1737124534.0
2025-02-05 00:04:47,659 - DEBUG - django.utils.autoreload - File /usr/local/lib/python3.10/dist-packages/django/templatetags/l10n.py first seen with mtime 1738033763.3048663
2025-02-05 00:04:47,659 - DEBUG - django.utils.autoreload - File /usr/lib/python3.10/ast.py first seen with mtime 1737124534.0
2025-02-05 00:04:47,659 - DEBUG - django.utils.autoreload - File /usr/local/lib/python3.10/dist-packages/django/__init__.py first seen with mtime 1738033762.2438633
2025-02-05 00:04:47,659 - DEBUG - django.utils.autoreload - File /usr/local/lib/python3.10/dist-packages/django/template/loaders/app_directories.py first seen with mtime 1738033763.3028665
2025-02-05 00:04:47,659 - DEBUG - django.utils.autoreload - File /usr/lib/python3.10/http/cookies.py first seen with mtime 1737124534.0
2025-02-05 00:04:47,660 - DEBUG - django.utils.autoreload - File /usr/local/lib/python3.10/dist-packages/django/contrib/admin/sites.py first seen with mtime 1738033762.3838637
2025-02-05 00:04:47,660 - DEBUG - django.utils.autoreload - File /usr/lib/python3.10/queue.py first seen with mtime 1737124534.0
2025-02-05 00:04:47,660 - DEBUG - django.utils.autoreload - File /usr/lib/python3.10/lib-dynload/termios.cpython-310-x86_64-linux-gnu.so first seen with mtime 1737124534.0
2025-02-05 00:04:47,660 - DEBUG - django.utils.autoreload - File /usr/lib/python3.10/email/charset.py first seen with mtime 1737124534.0
2025-02-05 00:04:47,660 - DEBUG - django.utils.autoreload - File /usr/lib/python3.10/_markupbase.py first seen with mtime 1737124534.0
2025-02-05 00:04:47,660 - DEBUG - django.utils.autoreload - File /usr/local/lib/python3.10/dist-packages/django/core/files/storage/filesystem.py first seen with mtime 1738033763.2168663
2025-02-05 00:04:47,660 - DEBUG - django.utils.autoreload - File /usr/lib/python3.10/email/parser.py first seen with mtime 1737124534.0
2025-02-05 00:04:47,660 - DEBUG - django.utils.autoreload - File /usr/local/lib/python3.10/dist-packages/django/utils/dateformat.py first seen with mtime 1738033763.3138664
2025-02-05 00:04:47,660 - DEBUG - django.utils.autoreload - File /usr/local/lib/python3.10/dist-packages/django/core/serializers/json.py first seen with mtime 1738033763.2298663
2025-02-05 00:04:47,660 - DEBUG - django.utils.autoreload - File /usr/lib/python3.10/importlib/util.py first seen with mtime 1737124534.0
2025-02-05 00:04:47,660 - DEBUG - django.utils.autoreload - File /usr/local/lib/python3.10/dist-packages/django/db/models/lookups.py first seen with mtime 1738033763.2578664
2025-02-05 00:04:47,660 - DEBUG - django.utils.autoreload - File /usr/local/lib/python3.10/dist-packages/django/conf/__init__.py first seen with mtime 1738033762.2448633
2025-02-05 00:04:47,660 - DEBUG - django.utils.autoreload - File /usr/local/lib/python3.10/dist-packages/django/forms/forms.py first seen with mtime 1738033763.2718663
2025-02-05 00:04:47,660 - DEBUG - django.utils.autoreload - File /usr/lib/python3.10/http/server.py first seen with mtime 1737124534.0
2025-02-05 00:04:47,660 - DEBUG - django.utils.autoreload - File /usr/lib/python3.10/asyncio/mixins.py first seen with mtime 1737124534.0
2025-02-05 00:04:47,660 - DEBUG - django.utils.autoreload - File /usr/lib/python3.10/tokenize.py first seen with mtime 1737124534.0
2025-02-05 00:04:47,660 - DEBUG - django.utils.autoreload - File /usr/lib/python3.10/codecs.py first seen with mtime 1737124534.0
2025-02-05 00:04:47,660 - DEBUG - django.utils.autoreload - File /usr/lib/python3.10/email/base64mime.py first seen with mtime 1737124534.0
2025-02-05 00:04:47,660 - DEBUG - django.utils.autoreload - File /usr/local/lib/python3.10/dist-packages/django/contrib/admin/exceptions.py first seen with mtime 1738033762.3808637
2025-02-05 00:04:47,660 - DEBUG - django.utils.autoreload - File /usr/lib/python3.10/logging/__init__.py first seen with mtime 1737124534.0
2025-02-05 00:04:47,660 - DEBUG - django.utils.autoreload - File /usr/local/lib/python3.10/dist-packages/sqlparse/utils.py first seen with mtime 1738033761.5788615
2025-02-05 00:04:47,660 - DEBUG - django.utils.autoreload - File /usr/lib/python3.10/_sysconfigdata__x86_64-linux-gnu.py first seen with mtime 1737124534.0
2025-02-05 00:04:47,660 - DEBUG - django.utils.autoreload - File /usr/local/lib/python3.10/dist-packages/django/utils/http.py first seen with mtime 1738033763.3168664
2025-02-05 00:04:47,660 - DEBUG - django.utils.autoreload - File /usr/local/lib/python3.10/dist-packages/django/core/files/locks.py first seen with mtime 1738033763.2148662
2025-02-05 00:04:47,660 - DEBUG - django.utils.autoreload - File /usr/local/lib/python3.10/dist-packages/django/forms/__init__.py first seen with mtime 1738033763.2708664
2025-02-05 00:04:47,660 - DEBUG - django.utils.autoreload - File /usr/lib/python3.10/argparse.py first seen with mtime 1737124534.0
2025-02-05 00:04:47,660 - DEBUG - django.utils.autoreload - File /usr/local/lib/python3.10/dist-packages/django/template/loaders/__init__.py first seen with mtime 1738033763.3028665
2025-02-05 00:04:47,660 - DEBUG - django.utils.autoreload - File /usr/local/lib/python3.10/dist-packages/sqlparse/engine/__init__.py first seen with mtime 1738033761.5798614
2025-02-05 00:04:47,660 - DEBUG - django.utils.autoreload - File /usr/lib/python3.10/email/encoders.py first seen with mtime 1737124534.0
2025-02-05 00:04:47,661 - DEBUG - django.utils.autoreload - File /usr/local/lib/python3.10/dist-packages/django/core/checks/model_checks.py first seen with mtime 1738033763.2108662
2025-02-05 00:04:47,661 - DEBUG - django.utils.autoreload - File /usr/local/lib/python3.10/dist-packages/django/db/models/functions/comparison.py first seen with mtime 1738033763.2658663
2025-02-05 00:04:47,661 - DEBUG - django.utils.autoreload - File /usr/lib/python3.10/string.py first seen with mtime 1737124534.0
2025-02-05 00:04:47,661 - DEBUG - django.utils.autoreload - File /home/fourandhalf/Documents/Projects/SongScrapper/manage.py first seen with mtime 1738112102.597106
2025-02-05 00:04:47,661 - DEBUG - django.utils.autoreload - File /usr/local/lib/python3.10/dist-packages/django/views/debug.py first seen with mtime 1738033763.3228664
2025-02-05 00:04:47,661 - DEBUG - django.utils.autoreload - File /usr/local/lib/python3.10/dist-packages/django/utils/timezone.py first seen with mtime 1738033763.3208666
2025-02-05 00:04:47,661 - DEBUG - django.utils.autoreload - File /usr/lib/python3.10/genericpath.py first seen with mtime 1737124534.0
2025-02-05 00:04:47,661 - DEBUG - django.utils.autoreload - File /usr/local/lib/python3.10/dist-packages/django/contrib/messages/utils.py first seen with mtime 1738033762.9778655
2025-02-05 00:04:47,661 - DEBUG - django.utils.autoreload - File /usr/lib/python3.10/encodings/__init__.py first seen with mtime 1737124534.0
2025-02-05 00:04:47,661 - DEBUG - django.utils.autoreload - File /usr/local/lib/python3.10/dist-packages/django/views/generic/__init__.py first seen with mtime 1738033763.3268664
2025-02-05 00:04:47,661 - DEBUG - django.utils.autoreload - File /usr/lib/python3.10/lib-dynload/_asyncio.cpython-310-x86_64-linux-gnu.so first seen with mtime 1737124534.0
2025-02-05 00:04:47,661 - DEBUG - django.utils.autoreload - File /usr/lib/python3.10/email/__init__.py first seen with mtime 1737124534.0
2025-02-05 00:04:47,661 - DEBUG - django.utils.autoreload - File /usr/lib/python3.10/zoneinfo/__init__.py first seen with mtime 1737124534.0
2025-02-05 00:04:47,661 - DEBUG - django.utils.autoreload - File /home/fourandhalf/.local/lib/python3.10/site-packages/dj_database_url/__init__.py first seen with mtime 1738420696.2084806
2025-02-05 00:04:47,661 - DEBUG - django.utils.autoreload - File /usr/lib/python3.10/ntpath.py first seen with mtime 1737124534.0
2025-02-05 00:04:47,661 - DEBUG - django.utils.autoreload - File /usr/lib/python3.10/pickle.py first seen with mtime 1737124534.0
2025-02-05 00:04:47,661 - DEBUG - django.utils.autoreload - File /usr/lib/python3.10/graphlib.py first seen with mtime 1737124534.0
2025-02-05 00:04:47,661 - DEBUG - django.utils.autoreload - File /usr/local/lib/python3.10/dist-packages/sqlparse/filters/reindent.py first seen with mtime 1738033761.5818615
2025-02-05 00:04:47,661 - DEBUG - django.utils.autoreload - File /usr/local/lib/python3.10/dist-packages/django/core/files/storage/base.py first seen with mtime 1738033763.215866
2025-02-05 00:04:47,661 - DEBUG - django.utils.autoreload - File /usr/lib/python3.10/bisect.py first seen with mtime 1737124534.0
2025-02-05 00:04:47,661 - DEBUG - django.utils.autoreload - File /usr/local/lib/python3.10/dist-packages/django/contrib/messages/api.py first seen with mtime 1738033762.9768655
2025-02-05 00:04:47,661 - DEBUG - django.utils.autoreload - File /usr/local/lib/python3.10/dist-packages/django/templatetags/static.py first seen with mtime 1738033763.3048663
2025-02-05 00:04:47,661 - DEBUG - django.utils.autoreload - File /usr/local/lib/python3.10/dist-packages/django/http/__init__.py first seen with mtime 1738033763.2938664
2025-02-05 00:04:47,661 - DEBUG - django.utils.autoreload - File /usr/lib/python3.10/email/mime/message.py first seen with mtime 1737124534.0
2025-02-05 00:04:47,661 - DEBUG - django.utils.autoreload - File /usr/lib/python3.10/email/policy.py first seen with mtime 1737124534.0
2025-02-05 00:04:47,661 - DEBUG - django.utils.autoreload - File /usr/local/lib/python3.10/dist-packages/django/core/files/storage/memory.py first seen with mtime 1738033763.2168663
2025-02-05 00:04:47,661 - DEBUG - django.utils.autoreload - File /home/fourandhalf/.local/lib/python3.10/site-packages/dotenv/parser.py first seen with mtime 1738420218.1710813
2025-02-05 00:04:47,661 - DEBUG - django.utils.autoreload - File /usr/lib/python3.10/datetime.py first seen with mtime 1737124534.0
2025-02-05 00:04:47,661 - DEBUG - django.utils.autoreload - File /usr/local/lib/python3.10/dist-packages/django/utils/termcolors.py first seen with mtime 1738033763.3198664
2025-02-05 00:04:47,661 - DEBUG - django.utils.autoreload - File /usr/lib/python3.10/concurrent/futures/_base.py first seen with mtime 1737124534.0
2025-02-05 00:04:47,662 - DEBUG - django.utils.autoreload - File /usr/local/lib/python3.10/dist-packages/sqlparse/filters/output.py first seen with mtime 1738033761.5808613
2025-02-05 00:04:47,662 - DEBUG - django.utils.autoreload - File /usr/local/lib/python3.10/dist-packages/django/contrib/admin/views/__init__.py first seen with mtime 1738033762.5708642
2025-02-05 00:04:47,662 - DEBUG - django.utils.autoreload - File /usr/local/lib/python3.10/dist-packages/django/utils/__init__.py first seen with mtime 1738033763.3108664
2025-02-05 00:04:47,662 - DEBUG - django.utils.autoreload - File /usr/lib/python3.10/traceback.py first seen with mtime 1737124534.0
2025-02-05 00:04:47,662 - DEBUG - django.utils.autoreload - File /usr/lib/python3/dist-packages/apport_python_hook.py first seen with mtime 1720612581.0
2025-02-05 00:04:47,662 - DEBUG - django.utils.autoreload - File /usr/local/lib/python3.10/dist-packages/sqlparse/keywords.py first seen with mtime 1738033761.5778613
2025-02-05 00:04:47,662 - DEBUG - django.utils.autoreload - File /usr/lib/python3.10/lib-dynload/_contextvars.cpython-310-x86_64-linux-gnu.so first seen with mtime 1737124534.0
2025-02-05 00:04:47,662 - DEBUG - django.utils.autoreload - File /usr/local/lib/python3.10/dist-packages/django/views/generic/detail.py first seen with mtime 1738033763.3268664
2025-02-05 00:04:47,662 - DEBUG - django.utils.autoreload - File /usr/lib/python3.10/socketserver.py first seen with mtime 1737124534.0
2025-02-05 00:04:47,662 - DEBUG - django.utils.autoreload - File /usr/local/lib/python3.10/dist-packages/django/db/models/indexes.py first seen with mtime 1738033763.2578664
2025-02-05 00:04:47,662 - DEBUG - django.utils.autoreload - File /usr/local/lib/python3.10/dist-packages/django/conf/global_settings.py first seen with mtime 1738033762.2458634
2025-02-05 00:04:47,662 - DEBUG - django.utils.autoreload - File /usr/lib/python3.10/importlib/_abc.py first seen with mtime 1737124534.0
2025-02-05 00:04:47,662 - DEBUG - django.utils.autoreload - File /usr/local/lib/python3.10/dist-packages/django/template/utils.py first seen with mtime 1738033763.3018665
2025-02-05 00:04:47,662 - DEBUG - django.utils.autoreload - File /usr/lib/python3.10/subprocess.py first seen with mtime 1737124534.0
2025-02-05 00:04:47,662 - DEBUG - django.utils.autoreload - File /usr/local/lib/python3.10/dist-packages/django/core/exceptions.py first seen with mtime 1738033763.205866
2025-02-05 00:04:47,662 - DEBUG - django.utils.autoreload - File /usr/local/lib/python3.10/dist-packages/django/utils/numberformat.py first seen with mtime 1738033763.3188665
2025-02-05 00:04:47,662 - DEBUG - django.utils.autoreload - File /usr/local/lib/python3.10/dist-packages/django/contrib/admin/__init__.py first seen with mtime 1738033762.3798637
2025-02-05 00:04:47,662 - DEBUG - django.utils.autoreload - File /usr/local/lib/python3.10/dist-packages/django/db/models/fields/generated.py first seen with mtime 1738033763.2618663
2025-02-05 00:04:47,662 - DEBUG - django.utils.autoreload - File /usr/lib/python3.10/asyncio/threads.py first seen with mtime 1737124534.0
2025-02-05 00:04:47,662 - DEBUG - django.utils.autoreload - File /usr/local/lib/python3.10/dist-packages/django/core/serializers/base.py first seen with mtime 1738033763.2298663
2025-02-05 00:04:47,662 - DEBUG - django.utils.autoreload - File /usr/lib/python3.10/_collections_abc.py first seen with mtime 1737124534.0
2025-02-05 00:04:47,662 - DEBUG - django.utils.autoreload - File /usr/lib/python3.10/collections/abc.py first seen with mtime 1737124534.0
2025-02-05 00:04:47,662 - DEBUG - django.utils.autoreload - File /usr/local/lib/python3.10/dist-packages/django/db/transaction.py first seen with mtime 1738033763.2318661
2025-02-05 00:04:47,662 - DEBUG - django.utils.autoreload - File /usr/local/lib/python3.10/dist-packages/django/apps/config.py first seen with mtime 1738033762.2448633
2025-02-05 00:04:47,662 - DEBUG - django.utils.autoreload - File /usr/local/lib/python3.10/dist-packages/django/urls/utils.py first seen with mtime 1738033763.3108664
2025-02-05 00:04:47,662 - DEBUG - django.utils.autoreload - File /usr/lib/python3.10/urllib/__init__.py first seen with mtime 1737124534.0
2025-02-05 00:04:47,662 - DEBUG - django.utils.autoreload - File /usr/local/lib/python3.10/dist-packages/django/core/checks/database.py first seen with mtime 1738033763.2108662
2025-02-05 00:04:47,662 - DEBUG - django.utils.autoreload - File /home/fourandhalf/.local/lib/python3.10/site-packages/dotenv/__init__.py first seen with mtime 1738420218.1700814
2025-02-05 00:04:47,663 - DEBUG - django.utils.autoreload - File /usr/local/lib/python3.10/dist-packages/django/db/models/fields/__init__.py first seen with mtime 1738033763.2618663
2025-02-05 00:04:47,663 - DEBUG - django.utils.autoreload - File /usr/local/lib/python3.10/dist-packages/django/forms/widgets.py first seen with mtime 1738033763.2738664
2025-02-05 00:04:47,663 - DEBUG - django.utils.autoreload - File /usr/local/lib/python3.10/dist-packages/sqlparse/sql.py first seen with mtime 1738033761.5788615
2025-02-05 00:04:47,663 - DEBUG - django.utils.autoreload - File /usr/local/lib/python3.10/dist-packages/django/db/backends/base/__init__.py first seen with mtime 1738033763.2338662
2025-02-05 00:04:47,663 - DEBUG - django.utils.autoreload - File /usr/local/lib/python3.10/dist-packages/django/db/utils.py first seen with mtime 1738033763.2328663
2025-02-05 00:04:47,663 - DEBUG - django.utils.autoreload - File /usr/lib/python3.10/contextvars.py first seen with mtime 1737124534.0
2025-02-05 00:04:47,663 - DEBUG - django.utils.autoreload - File /usr/lib/python3.10/concurrent/futures/__init__.py first seen with mtime 1737124534.0
2025-02-05 00:04:47,663 - DEBUG - django.utils.autoreload - File /usr/local/lib/python3.10/dist-packages/django/core/handlers/base.py first seen with mtime 1738033763.2178662
2025-02-05 00:04:47,663 - DEBUG - django.utils.autoreload - File /usr/local/lib/python3.10/dist-packages/django/utils/crypto.py first seen with mtime 1738033763.3128664
2025-02-05 00:04:47,663 - DEBUG - django.utils.autoreload - File /usr/local/lib/python3.10/dist-packages/django/core/mail/message.py first seen with mtime 1738033763.218866
2025-02-05 00:04:47,663 - DEBUG - django.utils.autoreload - File /usr/local/lib/python3.10/dist-packages/django/db/models/expressions.py first seen with mtime 1738033763.2578664
2025-02-05 00:04:47,663 - DEBUG - django.utils.autoreload - File /usr/local/lib/python3.10/dist-packages/django/middleware/csrf.py first seen with mtime 1738033763.2958665
2025-02-05 00:04:47,663 - DEBUG - django.utils.autoreload - File /usr/lib/python3.10/json/scanner.py first seen with mtime 1737124534.0
2025-02-05 00:04:47,663 - DEBUG - django.utils.autoreload - File /usr/local/lib/python3.10/dist-packages/sqlparse/__init__.py first seen with mtime 1738033761.5768614
2025-02-05 00:04:47,663 - DEBUG - django.utils.autoreload - File /usr/local/lib/python3.10/dist-packages/django/core/checks/security/sessions.py first seen with mtime 1738033763.2138662
2025-02-05 00:04:47,663 - DEBUG - django.utils.autoreload - File /usr/lib/python3.10/warnings.py first seen with mtime 1737124534.0
2025-02-05 00:04:47,663 - DEBUG - django.utils.autoreload - File /usr/local/lib/python3.10/dist-packages/django/utils/dateparse.py first seen with mtime 1738033763.3138664
2025-02-05 00:04:47,663 - DEBUG - django.utils.autoreload - File /usr/lib/python3.10/asyncio/log.py first seen with mtime 1737124534.0
2025-02-05 00:04:47,663 - DEBUG - django.utils.autoreload - File /usr/lib/python3.10/encodings/aliases.py first seen with mtime 1737124534.0
2025-02-05 00:04:47,663 - DEBUG - django.utils.autoreload - File /usr/local/lib/python3.10/dist-packages/django/core/serializers/__init__.py first seen with mtime 1738033763.2298663
2025-02-05 00:04:47,663 - DEBUG - django.utils.autoreload - File /usr/local/lib/python3.10/dist-packages/django/template/library.py first seen with mtime 1738033763.2998664
2025-02-05 00:04:47,663 - DEBUG - django.utils.autoreload - File /usr/local/lib/python3.10/dist-packages/django/utils/translation/trans_real.py first seen with mtime 1738033763.3228664
2025-02-05 00:04:47,663 - DEBUG - django.utils.autoreload - File /usr/lib/python3.10/email/mime/__init__.py first seen with mtime 1737124534.0
2025-02-05 00:04:47,663 - DEBUG - django.utils.autoreload - File /usr/lib/python3.10/socket.py first seen with mtime 1737124534.0
2025-02-05 00:04:47,663 - DEBUG - django.utils.autoreload - File /usr/lib/python3.10/uu.py first seen with mtime 1737124534.0
2025-02-05 00:04:47,663 - DEBUG - django.utils.autoreload - File /usr/local/lib/python3.10/dist-packages/django/apps/registry.py first seen with mtime 1738033762.2448633
2025-02-05 00:04:47,663 - DEBUG - django.utils.autoreload - File /usr/lib/python3.10/zoneinfo/_common.py first seen with mtime 1737124534.0
2025-02-05 00:04:47,663 - DEBUG - django.utils.autoreload - File /usr/local/lib/python3.10/dist-packages/django/core/files/storage/handler.py first seen with mtime 1738033763.2168663
2025-02-05 00:04:47,663 - DEBUG - django.utils.autoreload - File /usr/local/lib/python3.10/dist-packages/django/utils/connection.py first seen with mtime 1738033763.3128664
2025-02-05 00:04:47,663 - DEBUG - django.utils.autoreload - File /usr/lib/python3/dist-packages/colorama/ansitowin32.py first seen with mtime 1602564393.0
2025-02-05 00:04:47,664 - DEBUG - django.utils.autoreload - File /usr/local/lib/python3.10/dist-packages/django/utils/lorem_ipsum.py first seen with mtime 1738033763.3178666
2025-02-05 00:04:47,664 - DEBUG - django.utils.autoreload - File /usr/local/lib/python3.10/dist-packages/django/db/models/functions/datetime.py first seen with mtime 1738033763.2658663
2025-02-05 00:04:47,664 - DEBUG - django.utils.autoreload - File /usr/lib/python3.10/lib-dynload/_json.cpython-310-x86_64-linux-gnu.so first seen with mtime 1737124534.0
2025-02-05 00:04:47,664 - DEBUG - django.utils.autoreload - File /usr/lib/python3.10/wsgiref/headers.py first seen with mtime 1737124534.0
2025-02-05 00:04:47,664 - DEBUG - django.utils.autoreload - File /usr/lib/python3.10/gettext.py first seen with mtime 1737124534.0
2025-02-05 00:04:47,664 - DEBUG - django.utils.autoreload - File /usr/local/lib/python3.10/dist-packages/django/core/management/base.py first seen with mtime 1738033763.2218661
2025-02-05 00:04:47,664 - DEBUG - django.utils.autoreload - File /usr/local/lib/python3.10/dist-packages/django/core/__init__.py first seen with mtime 1738033763.205866
2025-02-05 00:04:47,664 - DEBUG - django.utils.autoreload - File /usr/local/lib/python3.10/dist-packages/django/core/handlers/__init__.py first seen with mtime 1738033763.2168663
2025-02-05 00:04:47,664 - DEBUG - django.utils.autoreload - File /usr/lib/python3.10/quopri.py first seen with mtime 1737124534.0
2025-02-05 00:04:47,664 - DEBUG - django.utils.autoreload - File /usr/lib/python3.10/uuid.py first seen with mtime 1737124534.0
2025-02-05 00:04:47,664 - DEBUG - django.utils.autoreload - File /usr/lib/python3.10/lzma.py first seen with mtime 1737124534.0
2025-02-05 00:04:47,664 - DEBUG - django.utils.autoreload - File /usr/local/lib/python3.10/dist-packages/django/templatetags/tz.py first seen with mtime 1738033763.3058665
2025-02-05 00:04:47,664 - DEBUG - django.utils.autoreload - File /usr/local/lib/python3.10/dist-packages/django/db/backends/base/operations.py first seen with mtime 1738033763.2358663
2025-02-05 00:04:47,664 - DEBUG - django.utils.autoreload - File /usr/lib/python3.10/decimal.py first seen with mtime 1737124534.0
2025-02-05 00:04:47,664 - DEBUG - django.utils.autoreload - File /usr/lib/python3.10/email/header.py first seen with mtime 1737124534.0
2025-02-05 00:04:47,664 - DEBUG - django.utils.autoreload - File /usr/local/lib/python3.10/dist-packages/django/db/models/functions/mixins.py first seen with mtime 1738033763.2658663
2025-02-05 00:04:47,664 - DEBUG - django.utils.autoreload - File /usr/local/lib/python3.10/dist-packages/django/core/checks/registry.py first seen with mtime 1738033763.2118661
2025-02-05 00:04:47,664 - DEBUG - django.utils.autoreload - File /usr/local/lib/python3.10/dist-packages/django/middleware/cache.py first seen with mtime 1738033763.2948663
2025-02-05 00:04:47,664 - DEBUG - django.utils.autoreload - File /usr/lib/python3.10/random.py first seen with mtime 1737124534.0
2025-02-05 00:04:47,664 - DEBUG - django.utils.autoreload - File /usr/lib/python3.10/pprint.py first seen with mtime 1737124534.0
2025-02-05 00:04:47,664 - DEBUG - django.utils.autoreload - File /usr/lib/python3.10/lib-dynload/_bz2.cpython-310-x86_64-linux-gnu.so first seen with mtime 1737124534.0
2025-02-05 00:04:47,664 - DEBUG - django.utils.autoreload - File /usr/lib/python3.10/asyncio/selector_events.py first seen with mtime 1737124534.0
2025-02-05 00:04:47,664 - DEBUG - django.utils.autoreload - File /usr/lib/python3.10/copy.py first seen with mtime 1737124534.0
2025-02-05 00:04:47,664 - DEBUG - django.utils.autoreload - File /usr/local/lib/python3.10/dist-packages/django/utils/deconstruct.py first seen with mtime 1738033763.3138664
2025-02-05 00:04:47,664 - DEBUG - django.utils.autoreload - File /usr/lib/python3.10/_sitebuiltins.py first seen with mtime 1737124534.0
2025-02-05 00:04:47,664 - DEBUG - django.utils.autoreload - File /usr/lib/python3.10/json/decoder.py first seen with mtime 1737124534.0
2025-02-05 00:04:47,664 - DEBUG - django.utils.autoreload - File /usr/local/lib/python3.10/dist-packages/django/utils/formats.py first seen with mtime 1738033763.3158665
2025-02-05 00:04:47,664 - DEBUG - django.utils.autoreload - File /usr/local/lib/python3.10/dist-packages/django/core/management/__init__.py first seen with mtime 1738033763.2208662
2025-02-05 00:04:47,664 - DEBUG - django.utils.autoreload - File /usr/lib/python3.10/html/parser.py first seen with mtime 1737124534.0
2025-02-05 00:04:47,664 - DEBUG - django.utils.autoreload - File /usr/local/lib/python3.10/dist-packages/django/template/autoreload.py first seen with mtime 1738033763.2978663
2025-02-05 00:04:47,665 - DEBUG - django.utils.autoreload - File /usr/local/lib/python3.10/dist-packages/django/template/defaultfilters.py first seen with mtime 1738033763.2988665
2025-02-05 00:04:47,665 - DEBUG - django.utils.autoreload - File /usr/local/lib/python3.10/dist-packages/django/db/models/enums.py first seen with mtime 1738033763.2568662
2025-02-05 00:04:47,665 - DEBUG - django.utils.autoreload - File /usr/local/lib/python3.10/dist-packages/django/templatetags/__init__.py first seen with mtime 1738033763.3038664
2025-02-05 00:04:47,665 - DEBUG - django.utils.autoreload - File /usr/local/lib/python3.10/dist-packages/django/core/mail/__init__.py first seen with mtime 1738033763.218866
2025-02-05 00:04:47,665 - DEBUG - django.utils.autoreload - File /usr/local/lib/python3.10/dist-packages/django/contrib/admin/checks.py first seen with mtime 1738033762.3808637
2025-02-05 00:04:47,665 - DEBUG - django.utils.autoreload - File /usr/local/lib/python3.10/dist-packages/django/contrib/admin/actions.py first seen with mtime 1738033762.3798637
2025-02-05 00:04:47,665 - DEBUG - django.utils.autoreload - File /usr/lib/python3.10/email/utils.py first seen with mtime 1737124534.0
2025-02-05 00:04:47,665 - DEBUG - django.utils.autoreload - File /usr/local/lib/python3.10/dist-packages/django/urls/__init__.py first seen with mtime 1738033763.3088665
2025-02-05 00:04:47,665 - DEBUG - django.utils.autoreload - File /usr/local/lib/python3.10/dist-packages/django/forms/fields.py first seen with mtime 1738033763.2718663
2025-02-05 00:04:47,665 - DEBUG - django.utils.autoreload - File /usr/lib/python3.10/ssl.py first seen with mtime 1737124534.0
2025-02-05 00:04:47,665 - DEBUG - django.utils.autoreload - File /usr/lib/python3.10/asyncio/coroutines.py first seen with mtime 1737124534.0
2025-02-05 00:04:47,665 - DEBUG - django.utils.autoreload - File /usr/local/lib/python3.10/dist-packages/django/core/files/__init__.py first seen with mtime 1738033763.2138662
2025-02-05 00:04:47,665 - DEBUG - django.utils.autoreload - File /usr/local/lib/python3.10/dist-packages/django/views/generic/dates.py first seen with mtime 1738033763.3268664
2025-02-05 00:04:47,665 - DEBUG - django.utils.autoreload - File /usr/local/lib/python3.10/dist-packages/django/db/__init__.py first seen with mtime 1738033763.2318661
2025-02-05 00:04:47,665 - DEBUG - django.utils.autoreload - File /usr/local/lib/python3.10/dist-packages/django/db/models/sql/subqueries.py first seen with mtime 1738033763.2698662
2025-02-05 00:04:47,665 - DEBUG - django.utils.autoreload - File /usr/local/lib/python3.10/dist-packages/django/db/models/options.py first seen with mtime 1738033763.2588663
2025-02-05 00:04:47,665 - DEBUG - django.utils.autoreload - File /usr/lib/python3.10/asyncio/base_subprocess.py first seen with mtime 1737124534.0
2025-02-05 00:04:47,665 - DEBUG - django.utils.autoreload - File /usr/local/lib/python3.10/dist-packages/django/urls/resolvers.py first seen with mtime 1738033763.3098664
2025-02-05 00:04:47,665 - DEBUG - django.utils.autoreload - File /usr/lib/python3.10/secrets.py first seen with mtime 1737124534.0
2025-02-05 00:04:47,665 - DEBUG - django.utils.autoreload - File /usr/lib/python3.10/lib-dynload/_zoneinfo.cpython-310-x86_64-linux-gnu.so first seen with mtime 1737124534.0
2025-02-05 00:04:47,665 - DEBUG - django.utils.autoreload - File /usr/lib/python3.10/typing.py first seen with mtime 1737124534.0
2025-02-05 00:04:47,665 - DEBUG - django.utils.autoreload - File /usr/lib/python3.10/glob.py first seen with mtime 1737124534.0
2025-02-05 00:04:47,665 - DEBUG - django.utils.autoreload - File /usr/lib/python3.10/_weakrefset.py first seen with mtime 1737124534.0
2025-02-05 00:04:47,665 - DEBUG - django.utils.autoreload - File /usr/local/lib/python3.10/dist-packages/django/core/paginator.py first seen with mtime 1738033763.205866
2025-02-05 00:04:47,665 - DEBUG - django.utils.autoreload - File /usr/lib/python3.10/html/__init__.py first seen with mtime 1737124534.0
2025-02-05 00:04:47,665 - DEBUG - django.utils.autoreload - File /usr/lib/python3.10/base64.py first seen with mtime 1737124534.0
2025-02-05 00:04:47,665 - DEBUG - django.utils.autoreload - File /home/fourandhalf/Documents/Projects/SongScrapper/SpotifyDownloader/logging_config.py first seen with mtime 1738514082.9889197
2025-02-05 00:04:47,665 - DEBUG - django.utils.autoreload - File /usr/lib/python3.10/wsgiref/handlers.py first seen with mtime 1737124534.0
2025-02-05 00:04:47,665 - DEBUG - django.utils.autoreload - File /usr/lib/python3/dist-packages/colorama/ansi.py first seen with mtime 1602564393.0
2025-02-05 00:04:47,665 - DEBUG - django.utils.autoreload - File /usr/local/lib/python3.10/dist-packages/django/db/models/base.py first seen with mtime 1738033763.2558663
2025-02-05 00:04:47,666 - DEBUG - django.utils.autoreload - File /usr/lib/python3.10/posixpath.py first seen with mtime 1737124534.0
2025-02-05 00:04:47,666 - DEBUG - django.utils.autoreload - File /usr/lib/python3.10/copyreg.py first seen with mtime 1737124534.0
2025-02-05 00:04:47,666 - DEBUG - django.utils.autoreload - File /usr/local/lib/python3.10/dist-packages/django/core/checks/urls.py first seen with mtime 1738033763.2118661
2025-02-05 00:04:47,666 - DEBUG - django.utils.autoreload - File /usr/local/lib/python3.10/dist-packages/django/db/models/fields/json.py first seen with mtime 1738033763.2628663
2025-02-05 00:04:47,666 - DEBUG - django.utils.autoreload - File /usr/local/lib/python3.10/dist-packages/django/http/cookie.py first seen with mtime 1738033763.2938664
2025-02-05 00:04:47,666 - DEBUG - django.utils.autoreload - File /usr/lib/python3.10/io.py first seen with mtime 1737124534.0
2025-02-05 00:04:47,666 - DEBUG - django.utils.autoreload - File /usr/lib/python3.10/lib-dynload/_queue.cpython-310-x86_64-linux-gnu.so first seen with mtime 1737124534.0
2025-02-05 00:04:47,666 - DEBUG - django.utils.autoreload - File /usr/local/lib/python3.10/dist-packages/django/contrib/admin/utils.py first seen with mtime 1738033762.3838637
2025-02-05 00:04:47,666 - DEBUG - django.utils.autoreload - File /usr/lib/python3.10/sre_compile.py first seen with mtime 1737124534.0
2025-02-05 00:04:47,666 - DEBUG - django.utils.autoreload - File /usr/local/lib/python3.10/dist-packages/django/core/management/commands/__init__.py first seen with mtime 1738033763.2228663
2025-02-05 00:04:47,666 - DEBUG - django.utils.autoreload - File /usr/lib/python3.10/email/mime/text.py first seen with mtime 1737124534.0
2025-02-05 00:04:47,666 - DEBUG - django.utils.autoreload - File /usr/local/lib/python3.10/dist-packages/django/core/files/storage/mixins.py first seen with mtime 1738033763.2168663
2025-02-05 00:04:47,666 - DEBUG - django.utils.autoreload - File /usr/local/lib/python3.10/dist-packages/django/utils/dates.py first seen with mtime 1738033763.3138664
2025-02-05 00:04:47,666 - DEBUG - django.utils.autoreload - File /usr/local/lib/python3.10/dist-packages/django/http/response.py first seen with mtime 1738033763.2948663
2025-02-05 00:04:47,666 - DEBUG - django.utils.autoreload - File /usr/lib/python3.10/collections/__init__.py first seen with mtime 1737124534.0
2025-02-05 00:04:47,666 - DEBUG - django.utils.autoreload - File /usr/lib/python3.10/asyncio/base_tasks.py first seen with mtime 1737124534.0
2025-02-05 00:04:47,666 - DEBUG - django.utils.autoreload - File /usr/local/lib/python3.10/dist-packages/django/db/models/fields/mixins.py first seen with mtime 1738033763.2628663
2025-02-05 00:04:47,666 - DEBUG - django.utils.autoreload - File /usr/lib/python3.10/lib-dynload/_uuid.cpython-310-x86_64-linux-gnu.so first seen with mtime 1737124534.0
2025-02-05 00:04:47,666 - DEBUG - django.utils.autoreload - File /usr/local/lib/python3.10/dist-packages/django/db/models/fields/proxy.py first seen with mtime 1738033763.2628663
2025-02-05 00:04:47,666 - DEBUG - django.utils.autoreload - File /usr/local/lib/python3.10/dist-packages/django/db/models/aggregates.py first seen with mtime 1738033763.2548664
2025-02-05 00:04:47,666 - DEBUG - django.utils.autoreload - File /usr/lib/python3.10/dis.py first seen with mtime 1737124534.0
2025-02-05 00:04:47,666 - DEBUG - django.utils.autoreload - File /usr/local/lib/python3.10/dist-packages/django/db/models/deletion.py first seen with mtime 1738033763.2568662
2025-02-05 00:04:47,666 - DEBUG - django.utils.autoreload - File /usr/lib/python3.10/tempfile.py first seen with mtime 1737124534.0
2025-02-05 00:04:47,666 - DEBUG - django.utils.autoreload - File /usr/lib/python3.10/lib-dynload/_ssl.cpython-310-x86_64-linux-gnu.so first seen with mtime 1737124534.0
2025-02-05 00:04:47,666 - DEBUG - django.utils.autoreload - File /usr/lib/python3.10/threading.py first seen with mtime 1737124534.0
2025-02-05 00:04:47,666 - DEBUG - django.utils.autoreload - File /usr/lib/python3.10/email/_header_value_parser.py first seen with mtime 1737124534.0
2025-02-05 00:04:47,666 - DEBUG - django.utils.autoreload - File /usr/local/lib/python3.10/dist-packages/django/views/__init__.py first seen with mtime 1738033763.3228664
2025-02-05 00:04:47,666 - DEBUG - django.utils.autoreload - File /usr/local/lib/python3.10/dist-packages/django/db/models/functions/__init__.py first seen with mtime 1738033763.2648664
2025-02-05 00:04:47,666 - DEBUG - django.utils.autoreload - File /usr/lib/python3.10/operator.py first seen with mtime 1737124534.0
2025-02-05 00:04:47,666 - DEBUG - django.utils.autoreload - File /usr/local/lib/python3.10/dist-packages/django/utils/deprecation.py first seen with mtime 1738033763.3148665
2025-02-05 00:04:47,667 - DEBUG - django.utils.autoreload - File /usr/local/lib/python3.10/dist-packages/django/conf/locale/__init__.py first seen with mtime 1738033762.2478633
2025-02-05 00:04:47,667 - DEBUG - django.utils.autoreload - File /usr/local/lib/python3.10/dist-packages/django/views/decorators/__init__.py first seen with mtime 1738033763.3238664
2025-02-05 00:04:47,667 - DEBUG - django.utils.autoreload - File /usr/local/lib/python3.10/dist-packages/django/db/models/fields/files.py first seen with mtime 1738033763.2618663
2025-02-05 00:04:47,667 - DEBUG - django.utils.autoreload - File /usr/local/lib/python3.10/dist-packages/django/core/files/temp.py first seen with mtime 1738033763.2148662
2025-02-05 00:04:47,667 - DEBUG - django.utils.autoreload - File /usr/local/lib/python3.10/dist-packages/django/utils/encoding.py first seen with mtime 1738033763.3148665
2025-02-05 00:04:47,667 - DEBUG - django.utils.autoreload - File /usr/lib/python3.10/functools.py first seen with mtime 1737124534.0
2025-02-05 00:04:47,667 - DEBUG - django.utils.autoreload - File /usr/local/lib/python3.10/dist-packages/sqlparse/filters/tokens.py first seen with mtime 1738033761.5818615
2025-02-05 00:04:47,667 - DEBUG - django.utils.autoreload - File /usr/local/lib/python3.10/dist-packages/django/core/files/images.py first seen with mtime 1738033763.2138662
2025-02-05 00:04:47,667 - DEBUG - django.utils.autoreload - File /usr/local/lib/python3.10/dist-packages/sqlparse/cli.py first seen with mtime 1738033761.5768614
2025-02-05 00:04:47,667 - DEBUG - django.utils.autoreload - File /usr/local/lib/python3.10/dist-packages/django/core/checks/security/base.py first seen with mtime 1738033763.212866
2025-02-05 00:04:47,667 - DEBUG - django.utils.autoreload - File /usr/lib/python3.10/email/_encoded_words.py first seen with mtime 1737124534.0
2025-02-05 00:04:47,667 - DEBUG - django.utils.autoreload - File /usr/local/lib/python3.10/dist-packages/django/db/models/sql/constants.py first seen with mtime 1738033763.2678664
2025-02-05 00:04:47,667 - DEBUG - django.utils.autoreload - File /usr/lib/python3.10/abc.py first seen with mtime 1737124534.0
2025-02-05 00:04:47,667 - DEBUG - django.utils.autoreload - File /usr/lib/python3.10/email/contentmanager.py first seen with mtime 1737124534.0
2025-02-05 00:04:47,667 - DEBUG - django.utils.autoreload - File /usr/local/lib/python3.10/dist-packages/django/utils/module_loading.py first seen with mtime 1738033763.3188665
2025-02-05 00:04:47,667 - DEBUG - django.utils.autoreload - File /usr/local/lib/python3.10/dist-packages/django/forms/boundfield.py first seen with mtime 1738033763.2708664
2025-02-05 00:04:47,667 - DEBUG - django.utils.autoreload - File /usr/lib/python3.10/json/encoder.py first seen with mtime 1737124534.0
2025-02-05 00:04:47,667 - DEBUG - django.utils.autoreload - File /usr/local/lib/python3.10/dist-packages/sqlparse/engine/grouping.py first seen with mtime 1738033761.5798614
2025-02-05 00:04:47,667 - DEBUG - django.utils.autoreload - File /usr/local/lib/python3.10/dist-packages/django/utils/translation/__init__.py first seen with mtime 1738033763.3218665
2025-02-05 00:04:47,667 - DEBUG - django.utils.autoreload - File /usr/local/lib/python3.10/dist-packages/django/utils/tree.py first seen with mtime 1738033763.3208666
2025-02-05 00:04:47,667 - DEBUG - django.utils.autoreload - File /usr/lib/python3.10/types.py first seen with mtime 1737124534.0
2025-02-05 00:04:47,667 - DEBUG - django.utils.autoreload - File /usr/local/lib/python3.10/dist-packages/django/core/signals.py first seen with mtime 1738033763.205866
2025-02-05 00:04:47,667 - DEBUG - django.utils.autoreload - File /usr/lib/python3.10/asyncio/trsock.py first seen with mtime 1737124534.0
2025-02-05 00:04:47,667 - DEBUG - django.utils.autoreload - File /usr/lib/python3.10/enum.py first seen with mtime 1737124534.0
2025-02-05 00:04:47,667 - DEBUG - django.utils.autoreload - File /usr/lib/python3.10/re.py first seen with mtime 1737124534.0
2025-02-05 00:04:47,667 - DEBUG - django.utils.autoreload - File /usr/local/lib/python3.10/dist-packages/django/views/decorators/common.py first seen with mtime 1738033763.3248665
2025-02-05 00:04:47,667 - DEBUG - django.utils.autoreload - File /usr/lib/python3.10/os.py first seen with mtime 1737124534.0
2025-02-05 00:04:47,667 - DEBUG - django.utils.autoreload - File /usr/local/lib/python3.10/dist-packages/django/templatetags/cache.py first seen with mtime 1738033763.3048663
